#
# There is insufficient memory for the Java Runtime Environment to continue.
# Native memory allocation (mmap) failed to map 266338304 bytes for Failed to commit area from 0x0000000702600000 to 0x0000000712400000 of length 266338304.
# Possible reasons:
#   The system is out of physical RAM or swap space
#   The process is running with CompressedOops enabled, and the Java Heap may be blocking the growth of the native heap
# Possible solutions:
#   Reduce memory load on the system
#   Increase physical memory or swap space
#   Check if swap backing store is full
#   Decrease Java heap size (-Xmx/-Xms)
#   Decrease number of Java threads
#   Decrease Java thread stack sizes (-Xss)
#   Set larger code cache with -XX:ReservedCodeCacheSize=
# This output file may be truncated or incomplete.
#
#  Out of Memory Error (t:/workspace/open/src/hotspot/os/windows/os_windows.cpp:3301), pid=21528, tid=32084
#
# JRE version:  (13.0+33) (build )
# Java VM: Java HotSpot(TM) 64-Bit Server VM (13+33, mixed mode, aot, sharing, tiered, compressed oops, g1 gc, windows-amd64)
# No core dump will be written. Minidumps are not enabled by default on client versions of Windows
#

---------------  S U M M A R Y ------------

Command Line: -Dmaven.multiModuleProjectDirectory=C:\Users\kazak\IdeaProjects\5. Simple Web Application JSP JSTL -Dmaven.home=C:\Program Files\JetBrains\IntelliJ IDEA 2019.3.3\plugins\maven\lib\maven3 -Dclassworlds.conf=C:\Program Files\JetBrains\IntelliJ IDEA 2019.3.3\plugins\maven\lib\maven3\bin\m2.conf -Dmaven.ext.class.path=C:\Program Files\JetBrains\IntelliJ IDEA 2019.3.3\plugins\maven\lib\maven-event-listener.jar -javaagent:C:\Program Files\JetBrains\IntelliJ IDEA 2019.3.3\lib\idea_rt.jar=51367:C:\Program Files\JetBrains\IntelliJ IDEA 2019.3.3\bin -Dfile.encoding=UTF-8 org.codehaus.classworlds.Launcher -Didea.version2019.3.3 clean package

Host: Intel(R) Core(TM) i5-8300H CPU @ 2.30GHz, 8 cores, 15G,  Windows 10 , 64 bit Build 19041 (10.0.19041.292)
Time: Wed Oct 14 07:30:51 2020 RTZ 2 (зима) elapsed time: 0 seconds (0d 0h 0m 0s)

---------------  T H R E A D  ---------------

Current thread (0x0000014eadc5f000):  JavaThread "Unknown thread" [_thread_in_vm, id=32084, stack(0x000000109a500000,0x000000109a600000)]

Stack: [0x000000109a500000,0x000000109a600000]
Native frames: (J=compiled Java code, j=interpreted, Vv=VM code, C=native code)
V  [jvm.dll+0x626eaa]
V  [jvm.dll+0x772c4a]
V  [jvm.dll+0x7743ff]
V  [jvm.dll+0x774a03]
V  [jvm.dll+0x24da38]
V  [jvm.dll+0x62436a]
V  [jvm.dll+0x618f55]
V  [jvm.dll+0x30c5fc]
V  [jvm.dll+0x30c432]
V  [jvm.dll+0x311ba6]
V  [jvm.dll+0x355cc6]
V  [jvm.dll+0x3554a0]
V  [jvm.dll+0x2e727a]
V  [jvm.dll+0x2e8512]
V  [jvm.dll+0x74fcb8]
V  [jvm.dll+0x363719]
V  [jvm.dll+0x732da5]
V  [jvm.dll+0x3ce2cf]
V  [jvm.dll+0x3d05f1]
C  [jli.dll+0x51ff]
C  [ucrtbase.dll+0x214c2]
C  [KERNEL32.DLL+0x16fd4]
C  [ntdll.dll+0x4cec1]


---------------  P R O C E S S  ---------------

Threads class SMR info:
_java_thread_list=0x00007ffa8ffb46b8, length=0, elements={
}

Java Threads: ( => current thread )

Other Threads:
  0x0000014eadcc9000 GCTaskThread "GC Thread#0" [stack: 0x000000109a600000,0x000000109a700000] [id=35692]
  0x0000014eadcec000 ConcurrentGCThread "G1 Main Marker" [stack: 0x000000109a700000,0x000000109a800000] [id=13120]
  0x0000014eadced000 ConcurrentGCThread "G1 Conc#0" [stack: 0x000000109a800000,0x000000109a900000] [id=31572]

[error occurred during error reporting (printing all threads), id 0xc0000005, EXCEPTION_ACCESS_VIOLATION (0xc0000005) at pc=0x00007ffa8f7e6f47]

VM state:not at safepoint (not fully initialized)

VM Mutex/Monitor currently owned by a thread:  ([mutex/lock_event])
[0x0000014eadc5a310] Heap_lock - owner thread: 0x0000014eadc5f000

Heap address: 0x0000000702600000, size: 4058 MB, Compressed Oops mode: Non-zero based: 0x0000000702600000
Narrow klass base: 0x0000000000000000, Narrow klass shift: 0

GC Heap History (0 events):
No events

Deoptimization events (0 events):
No events

Classes unloaded (0 events):
No events

Classes redefined (0 events):
No events

Internal exceptions (0 events):
No events

Events (8 events):
Event: 0.011 Loaded shared library C:\Program Files\Java\jdk-13\bin\zip.dll
Event: 0.011 Loaded shared library C:\Program Files\Java\jdk-13\bin\jimage.dll
Event: 0.013 Loading shared library C:\Program Files\Java\jdk-13\lib\libjava.base-coop.dll failed, error code 126
Event: 0.013 Loading shared library C:\Program Files\Java\jdk-13\lib\libjava.logging-coop.dll failed, error code 126
Event: 0.013 Loading shared library C:\Program Files\Java\jdk-13\lib\libjdk.compiler-coop.dll failed, error code 126
Event: 0.013 Loading shared library C:\Program Files\Java\jdk-13\lib\libjdk.scripting.nashorn-coop.dll failed, error code 126
Event: 0.013 Loading shared library C:\Program Files\Java\jdk-13\lib\libjdk.internal.vm.ci-coop.dll failed, error code 126
Event: 0.013 Loading shared library C:\Program Files\Java\jdk-13\lib\libjdk.internal.vm.compiler-coop.dll failed, error code 126


Dynamic libraries:
0x00007ff7d55a0000 - 0x00007ff7d55af000 	C:\Program Files\Java\jdk-13\bin\java.exe
0x00007ffabfe90000 - 0x00007ffac0085000 	C:\WINDOWS\SYSTEM32\ntdll.dll
0x00007ffabe7c0000 - 0x00007ffabe87d000 	C:\WINDOWS\System32\KERNEL32.DLL
0x00007ffabd8d0000 - 0x00007ffabdb97000 	C:\WINDOWS\System32\KERNELBASE.dll
0x00007ffabd730000 - 0x00007ffabd830000 	C:\WINDOWS\System32\ucrtbase.dll
0x00007ffabae80000 - 0x00007ffabae95000 	C:\Program Files\Java\jdk-13\bin\VCRUNTIME140.dll
0x00007ffab7750000 - 0x00007ffab7768000 	C:\Program Files\Java\jdk-13\bin\jli.dll
0x00007ffabe020000 - 0x00007ffabe0ca000 	C:\WINDOWS\System32\ADVAPI32.dll
0x00007ffabfa50000 - 0x00007ffabfaee000 	C:\WINDOWS\System32\msvcrt.dll
0x00007ffabe960000 - 0x00007ffabe9fb000 	C:\WINDOWS\System32\sechost.dll
0x00007ffabed40000 - 0x00007ffabee64000 	C:\WINDOWS\System32\RPCRT4.dll
0x00007ffabe0d0000 - 0x00007ffabe270000 	C:\WINDOWS\System32\USER32.dll
0x00007ffabdba0000 - 0x00007ffabdbc2000 	C:\WINDOWS\System32\win32u.dll
0x00007ffaaa770000 - 0x00007ffaaaa0b000 	C:\WINDOWS\WinSxS\amd64_microsoft.windows.common-controls_6595b64144ccf1df_6.0.19041.488_none_ca04af081b815d21\COMCTL32.dll
0x00007ffabee70000 - 0x00007ffabee9a000 	C:\WINDOWS\System32\GDI32.dll
0x00007ffabd5d0000 - 0x00007ffabd6d9000 	C:\WINDOWS\System32\gdi32full.dll
0x00007ffabd830000 - 0x00007ffabd8cd000 	C:\WINDOWS\System32\msvcp_win.dll
0x00007ffab4680000 - 0x00007ffab468a000 	C:\WINDOWS\SYSTEM32\VERSION.dll
0x00007ffabe8a0000 - 0x00007ffabe8d0000 	C:\WINDOWS\System32\IMM32.DLL
0x00007ffa9e660000 - 0x00007ffa9e6fb000 	C:\Program Files\Java\jdk-13\bin\msvcp140.dll
0x00007ffa8f4f0000 - 0x00007ffa90056000 	C:\Program Files\Java\jdk-13\bin\server\jvm.dll
0x00007ffabe8d0000 - 0x00007ffabe8d8000 	C:\WINDOWS\System32\PSAPI.DLL
0x00007ffaab300000 - 0x00007ffaab327000 	C:\WINDOWS\SYSTEM32\WINMM.dll
0x00007ffaa72d0000 - 0x00007ffaa72d9000 	C:\WINDOWS\SYSTEM32\WSOCK32.dll
0x00007ffabf8f0000 - 0x00007ffabf95b000 	C:\WINDOWS\System32\WS2_32.dll
0x00007ffabb530000 - 0x00007ffabb543000 	C:\WINDOWS\SYSTEM32\kernel.appcore.dll
0x00007ffabaf00000 - 0x00007ffabaf10000 	C:\Program Files\Java\jdk-13\bin\verify.dll
0x00007ffaa5990000 - 0x00007ffaa5b74000 	C:\WINDOWS\SYSTEM32\DBGHELP.DLL
0x00007ffaa6c20000 - 0x00007ffaa6c4c000 	C:\WINDOWS\SYSTEM32\dbgcore.DLL
0x00007ffabde40000 - 0x00007ffabdebf000 	C:\WINDOWS\System32\bcryptPrimitives.dll
0x00007ffab7720000 - 0x00007ffab7746000 	C:\Program Files\Java\jdk-13\bin\java.dll
0x00007ffabaee0000 - 0x00007ffabaeee000 	C:\Program Files\Java\jdk-13\bin\instrument.dll
0x00007ffab7700000 - 0x00007ffab7717000 	C:\Program Files\Java\jdk-13\bin\zip.dll
0x00007ffabaec0000 - 0x00007ffabaeca000 	C:\Program Files\Java\jdk-13\bin\jimage.dll

dbghelp: loaded successfully - version: 4.0.5 - missing functions: none
symbol engine: initialized successfully - sym options: 0x614 - pdb path: .;C:\Program Files\Java\jdk-13\bin;C:\WINDOWS\SYSTEM32;C:\WINDOWS\WinSxS\amd64_microsoft.windows.common-controls_6595b64144ccf1df_6.0.19041.488_none_ca04af081b815d21;C:\Program Files\Java\jdk-13\bin\server

VM Arguments:
jvm_args: -Dmaven.multiModuleProjectDirectory=C:\Users\kazak\IdeaProjects\5. Simple Web Application JSP JSTL -Dmaven.home=C:\Program Files\JetBrains\IntelliJ IDEA 2019.3.3\plugins\maven\lib\maven3 -Dclassworlds.conf=C:\Program Files\JetBrains\IntelliJ IDEA 2019.3.3\plugins\maven\lib\maven3\bin\m2.conf -Dmaven.ext.class.path=C:\Program Files\JetBrains\IntelliJ IDEA 2019.3.3\plugins\maven\lib\maven-event-listener.jar -javaagent:C:\Program Files\JetBrains\IntelliJ IDEA 2019.3.3\lib\idea_rt.jar=51367:C:\Program Files\JetBrains\IntelliJ IDEA 2019.3.3\bin -Dfile.encoding=UTF-8 
java_command: org.codehaus.classworlds.Launcher -Didea.version2019.3.3 clean package
java_class_path (initial): C:\Program Files\JetBrains\IntelliJ IDEA 2019.3.3\plugins\maven\lib\maven3\boot\plexus-classworlds-2.6.0.jar
Launcher Type: SUN_STANDARD

[Global flags]
     intx CICompilerCount                          = 4                                         {product} {ergonomic}
     uint ConcGCThreads                            = 2                                         {product} {ergonomic}
     uint G1ConcRefinementThreads                  = 8                                         {product} {ergonomic}
   size_t G1HeapRegionSize                         = 1048576                                   {product} {ergonomic}
    uintx GCDrainStackTargetSize                   = 64                                        {product} {ergonomic}
   size_t InitialHeapSize                          = 266338304                                 {product} {ergonomic}
   size_t MarkStackSize                            = 4194304                                   {product} {ergonomic}
   size_t MaxHeapSize                              = 4255121408                                {product} {ergonomic}
   size_t MinHeapDeltaBytes                        = 1048576                                   {product} {ergonomic}
   size_t MinHeapSize                              = 8388608                                   {product} {ergonomic}
    uintx NonNMethodCodeHeapSize                   = 5836300                                {pd product} {ergonomic}
    uintx NonProfiledCodeHeapSize                  = 122910970                              {pd product} {ergonomic}
    uintx ProfiledCodeHeapSize                     = 122910970                              {pd product} {ergonomic}
    uintx ReservedCodeCacheSize                    = 251658240                              {pd product} {ergonomic}
     bool SegmentedCodeCache                       = true                                      {product} {ergonomic}
   size_t SoftMaxHeapSize                          = 4255121408                             {manageable} {ergonomic}
     bool UseCompressedClassPointers               = true                                 {lp64_product} {ergonomic}
     bool UseCompressedOops                        = true                                 {lp64_product} {ergonomic}
     bool UseG1GC                                  = true                                      {product} {ergonomic}
     bool UseLargePagesIndividualAllocation        = false                                  {pd product} {ergonomic}

Logging:
Log output configuration:
 #0: stdout all=warning uptime,level,tags
 #1: stderr all=off uptime,level,tags

Environment Variables:
JAVA_HOME=C:\Program Files\Java\jdk-13
PATH=C:\Program Files (x86)\Common Files\Oracle\Java\javapath;C:\Program Files (x86)\Intel\Intel(R) Management Engine Components\iCLS\;C:\Program Files\Intel\Intel(R) Management Engine Components\iCLS\;C:\Windows\system32;C:\Windows;C:\Windows\System32\Wbem;C:\Windows\System32\WindowsPowerShell\v1.0\;C:\Program Files (x86)\Intel\Intel(R) Management Engine Components\DAL;C:\Program Files\Intel\Intel(R) Management Engine Components\DAL;C:\Program Files (x86)\Intel\Intel(R) Management Engine Components\IPT;C:\Program Files\Intel\Intel(R) Management Engine Components\IPT;C:\Program Files (x86)\NVIDIA Corporation\PhysX\Common;C:\WINDOWS\system32;C:\WINDOWS;C:\WINDOWS\System32\Wbem;C:\WINDOWS\System32\WindowsPowerShell\v1.0\;C:\WINDOWS\System32\OpenSSH\;C:\Program Files\Intel\WiFi\bin\;C:\Program Files\Common Files\Intel\WirelessCommon\;C:\Program Files\Java\jdk-13\bin;D:\Git\cmd;C:\Program Files\NVIDIA Corporation\NVIDIA NvDLISR;C:\WINDOWS\system32;C:\WINDOWS;C:\WINDOWS\System32\Wbem;C:\WINDOWS\System32\WindowsPowerShell\v1.0\;C:\WINDOWS\System32\OpenSSH\;C:\Users\kazak\AppData\Local\Programs\Python\Python38-32\Scripts\;C:\Users\kazak\AppData\Local\Programs\Python\Python38-32\;C:\Users\kazak\AppData\Local\Microsoft\WindowsApps;;C:\Program Files\JetBrains\PyCharm 2019.3.3\bin;;C:\Program Files\JetBrains\IntelliJ IDEA 2019.3.3\bin;;C:\Program Files\heroku\bin
USERNAME=kazak
OS=Windows_NT
PROCESSOR_IDENTIFIER=Intel64 Family 6 Model 158 Stepping 10, GenuineIntel



---------------  S Y S T E M  ---------------

OS: Windows 10 , 64 bit Build 19041 (10.0.19041.292)

CPU:total 8 (initial active 8) (4 cores per cpu, 2 threads per core) family 6 model 158 stepping 10, cmov, cx8, fxsr, mmx, sse, sse2, sse3, ssse3, sse4.1, sse4.2, popcnt, avx, avx2, aes, clmul, erms, 3dnowpref, lzcnt, ht, tsc, tscinvbit, bmi1, bmi2, adx, fma

Memory: 4k page, system-wide physical 16226M (4185M free)
TotalPageFile size 31332M (AvailPageFile size 184M)
current process WorkingSet (physical memory assigned to process): 10M, peak: 10M
current process commit charge ("private bytes"): 61M, peak: 314M

vm_info: Java HotSpot(TM) 64-Bit Server VM (13+33) for windows-amd64 JRE (13+33), built on Sep 18 2019 21:38:00 by "mach5one" with unknown MS VC++:1916

END.
